# JRE version: Java(TM) SE Runtime Environment (10.0.2+13) (build 10.0.2+13)
# Java VM: Java HotSpot(TM) 64-Bit Server VM (10.0.2+13, mixed mode, tiered, compressed oops, g1 gc, windows-amd64)
Heap:
 garbage-first heap   total 524288K, used 65354K [0x00000005c1e00000, 0x00000007c0000000)
  region size 2048K, 30 young (61440K), 2 survivors (4096K)
 Metaspace       used 28517K, capacity 29098K, committed 29312K, reserved 1075200K
  class space    used 3178K, capacity 3424K, committed 3456K, reserved 1048576K
GC Heap History (6 events):
Event: 0.986 GC heap before
{Heap before GC invocations=0 (full 0):
 garbage-first heap   total 524288K, used 24576K [0x00000005c1e00000, 0x00000007c0000000)
  region size 2048K, 12 young (24576K), 0 survivors (0K)
 Metaspace       used 12083K, capacity 12339K, committed 12544K, reserved 1060864K
  class space    used 1109K, capacity 1209K, committed 1280K, reserved 1048576K
}
Event: 0.991 GC heap after
{Heap after GC invocations=1 (full 0):
 garbage-first heap   total 524288K, used 7971K [0x00000005c1e00000, 0x00000007c0000000)
  region size 2048K, 2 young (4096K), 2 survivors (4096K)
 Metaspace       used 12083K, capacity 12339K, committed 12544K, reserved 1060864K
  class space    used 1109K, capacity 1209K, committed 1280K, reserved 1048576K
}
Event: 1.516 GC heap before
{Heap before GC invocations=1 (full 0):
 garbage-first heap   total 524288K, used 28451K [0x00000005c1e00000, 0x00000007c0000000)
  region size 2048K, 12 young (24576K), 2 survivors (4096K)
 Metaspace       used 17036K, capacity 17301K, committed 17408K, reserved 1064960K
  class space    used 1689K, capacity 1781K, committed 1792K, reserved 1048576K
}
Event: 1.521 GC heap after
{Heap after GC invocations=2 (full 0):
 garbage-first heap   total 524288K, used 9095K [0x00000005c1e00000, 0x00000007c0000000)
  region size 2048K, 1 young (2048K), 1 survivors (2048K)
 Metaspace       used 17036K, capacity 17301K, committed 17408K, reserved 1064960K
  class space    used 1689K, capacity 1781K, committed 1792K, reserved 1048576K
}
Event: 1.732 GC heap before
{Heap before GC invocations=2 (full 0):
 garbage-first heap   total 524288K, used 31623K [0x00000005c1e00000, 0x00000007c0000000)
  region size 2048K, 13 young (26624K), 1 survivors (2048K)
 Metaspace       used 20728K, capacity 21034K, committed 21296K, reserved 1069056K
  class space    used 2233K, capacity 2371K, committed 2432K, reserved 1048576K
}
Event: 1.735 GC heap after
{Heap after GC invocations=3 (full 0):
 garbage-first heap   total 524288K, used 10058K [0x00000005c1e00000, 0x00000007c0000000)
  region size 2048K, 2 young (4096K), 2 survivors (4096K)
 Metaspace       used 20728K, capacity 21034K, committed 21296K, reserved 1069056K
  class space    used 2233K, capacity 2371K, committed 2432K, reserved 1048576K
}

